TN:
SF:./lib/i18n.js
FN:10,(anonymous_1)
FN:15,languageTagFromScope
FN:21,momentFormatForLanguageTag
FN:27,numberFormatForLanguageTag
FN:33,findMatchingFormat
FNF:5
FNH:5
FNDA:1,(anonymous_1)
FNDA:169,languageTagFromScope
FNDA:86,momentFormatForLanguageTag
FNDA:86,numberFormatForLanguageTag
FNDA:172,findMatchingFormat
DA:6,1
DA:13,1
DA:15,1
DA:16,169
DA:21,1
DA:22,86
DA:27,1
DA:28,86
DA:33,1
DA:34,172
DA:39,1
LF:11
LH:11
BRDA:16,1,0,169
BRDA:16,1,1,0
BRF:2
BRH:1
end_of_record
TN:
SF:./lib/formatter.js
FN:9,(anonymous_1)
FN:20,(anonymous_2)
FN:27,(anonymous_3)
FN:44,(anonymous_4)
FN:54,(anonymous_5)
FN:70,createDateTimeFormatter
FN:71,(anonymous_7)
FN:91,toPrecision
FN:132,zeros
FN:183,(anonymous_10)
FNF:10
FNH:10
FNDA:1,(anonymous_1)
FNDA:10,(anonymous_2)
FNDA:135,(anonymous_3)
FNDA:403,(anonymous_4)
FNDA:117,(anonymous_5)
FNDA:2,createDateTimeFormatter
FNDA:32,(anonymous_7)
FNDA:134,toPrecision
FNDA:17,zeros
FNDA:101,(anonymous_10)
DA:6,1
DA:12,1
DA:13,1
DA:14,1
DA:18,1
DA:21,10
DA:22,10
DA:28,135
DA:30,135
DA:31,10
DA:34,125
DA:35,1
DA:39,134
DA:40,134
DA:41,134
DA:43,134
DA:44,134
DA:45,403
DA:46,403
DA:49,134
DA:55,117
DA:56,117
DA:70,1
DA:71,2
DA:72,32
DA:74,30
DA:75,0
DA:79,30
DA:80,30
DA:81,0
DA:85,30
DA:91,1
DA:94,134
DA:95,134
DA:96,0
DA:99,134
DA:100,117
DA:103,17
DA:104,17
DA:108,17
DA:109,17
DA:110,0
DA:111,0
DA:112,0
DA:113,0
DA:114,0
DA:118,17
DA:119,0
DA:122,17
DA:123,17
DA:124,15
DA:127,2
DA:132,1
DA:133,17
DA:138,1
DA:184,101
DA:192,101
LF:57
LH:48
BRDA:21,1,0,0
BRDA:21,1,1,10
BRDA:28,2,0,0
BRDA:28,2,1,135
BRDA:30,3,0,10
BRDA:30,3,1,125
BRDA:30,4,0,135
BRDA:30,4,1,11
BRDA:34,5,0,1
BRDA:34,5,1,124
BRDA:41,6,0,134
BRDA:41,6,1,117
BRDA:46,7,0,55
BRDA:46,7,1,348
BRDA:46,8,0,403
BRDA:46,8,1,189
BRDA:47,9,0,0
BRDA:47,9,1,134
BRDA:49,10,0,17
BRDA:49,10,1,117
BRDA:72,11,0,2
BRDA:72,11,1,30
BRDA:74,12,0,0
BRDA:74,12,1,30
BRDA:79,13,0,0
BRDA:79,13,1,30
BRDA:80,14,0,0
BRDA:80,14,1,30
BRDA:95,15,0,0
BRDA:95,15,1,134
BRDA:99,16,0,117
BRDA:99,16,1,17
BRDA:109,17,0,0
BRDA:109,17,1,17
BRDA:111,18,0,0
BRDA:111,18,1,0
BRDA:113,19,0,0
BRDA:113,19,1,0
BRDA:118,20,0,0
BRDA:118,20,1,17
BRDA:118,21,0,17
BRDA:118,21,1,17
BRDA:123,22,0,15
BRDA:123,22,1,2
BRF:44
BRH:31
end_of_record
TN:
SF:./lib/parser.js
FN:9,(anonymous_1)
FN:18,(anonymous_2)
FN:24,(anonymous_3)
FN:49,(anonymous_4)
FN:75,createDateTimeParser
FN:76,(anonymous_6)
FN:95,success
FN:104,error
FN:112,momentParse
FN:115,(anonymous_10)
FN:192,(anonymous_11)
FNF:11
FNH:11
FNDA:1,(anonymous_1)
FNDA:9,(anonymous_2)
FNDA:41,(anonymous_3)
FNDA:23,(anonymous_4)
FNDA:2,createDateTimeParser
FNDA:27,(anonymous_6)
FNDA:92,success
FNDA:6,error
FNDA:22,momentParse
FNDA:24,(anonymous_10)
FNDA:93,(anonymous_11)
DA:6,1
DA:12,1
DA:13,1
DA:14,1
DA:16,1
DA:19,9
DA:25,41
DA:27,41
DA:28,2
DA:31,39
DA:32,39
DA:33,6
DA:36,39
DA:38,39
DA:39,33
DA:40,33
DA:41,33
DA:44,6
DA:50,23
DA:51,23
DA:52,4
DA:55,19
DA:56,19
DA:57,0
DA:60,19
DA:75,1
DA:76,2
DA:77,27
DA:79,27
DA:80,5
DA:83,22
DA:84,22
DA:85,22
DA:88,22
DA:89,22
DA:95,1
DA:96,92
DA:104,1
DA:105,6
DA:112,1
DA:113,22
DA:114,22
DA:115,22
DA:116,24
DA:117,24
DA:118,24
DA:122,22
DA:123,22
DA:126,22
DA:132,1
DA:193,93
DA:202,93
LF:52
LH:51
BRDA:27,1,0,2
BRDA:27,1,1,39
BRDA:31,2,0,39
BRDA:31,2,1,0
BRDA:38,3,0,33
BRDA:38,3,1,6
BRDA:40,4,0,33
BRDA:40,4,1,0
BRDA:51,5,0,4
BRDA:51,5,1,19
BRDA:51,6,0,23
BRDA:51,6,1,20
BRDA:56,7,0,0
BRDA:56,7,1,19
BRDA:79,8,0,5
BRDA:79,8,1,22
BRDA:84,9,0,22
BRDA:84,9,1,0
BRDA:84,10,0,22
BRDA:84,10,1,22
BRDA:89,11,0,22
BRDA:89,11,1,0
BRDA:114,12,0,22
BRDA:114,12,1,0
BRDA:114,13,0,22
BRDA:114,13,1,22
BRDA:117,14,0,0
BRDA:117,14,1,24
BRDA:118,15,0,0
BRDA:118,15,1,24
BRF:30
BRH:22
end_of_record
TN:
SF:./lib/moment_date_formats.js
FNF:0
FNH:0
DA:1,1
LF:1
LH:1
BRF:0
BRH:0
end_of_record
TN:
SF:./lib/number_formats.js
FNF:0
FNH:0
DA:1,1
LF:1
LH:1
BRF:0
BRH:0
end_of_record
